<?xml version="1.0" encoding="UTF-8"?>
<testng-results ignored="0" total="1" passed="1" failed="0" skipped="0">
  <reporter-output>
  </reporter-output>
  <suite started-at="2024-01-05T16:19:56 IST" name="Default suite" finished-at="2024-01-05T16:19:56 IST" duration-ms="88">
    <groups>
    </groups>
    <test started-at="2024-01-05T16:19:56 IST" name="Default test" finished-at="2024-01-05T16:19:56 IST" duration-ms="88">
      <class name="demo.First">
        <test-method signature="test()[pri:0, instance:demo.First@52719fb6]" started-at="2024-01-05T16:19:56 IST" name="test" finished-at="2024-01-05T16:19:56 IST" duration-ms="14" status="PASS">
          <reporter-output>
          </reporter-output>
        </test-method> <!-- test -->
      </class> <!-- demo.First -->
    </test> <!-- Default test -->
  </suite> <!-- Default suite -->
</testng-results>
